<?xml version="1.0" encoding="UTF-8"?>
<testng-results ignored="0" total="0" passed="0" failed="0" skipped="0">
  <reporter-output>
  </reporter-output>
  <suite started-at="2021-10-07T17:12:56 IST" name="Command line suite" finished-at="2021-10-07T17:12:56 IST" duration-ms="254">
    <groups>
    </groups>
    <test started-at="2021-10-07T17:12:56 IST" name="Command line test" finished-at="2021-10-07T17:12:56 IST" duration-ms="254">
      <class name="TestRunner.TestRunner2">
        <test-method is-config="true" signature="setUpClass()[pri:0, instance:TestRunner.TestRunner2@77f80c04]" started-at="2021-10-07T17:12:56 IST" name="setUpClass" finished-at="2021-10-07T17:12:56 IST" duration-ms="206" status="PASS">
          <reporter-output>
          </reporter-output>
        </test-method> <!-- setUpClass -->
        <test-method is-config="true" signature="tearDownClass()[pri:0, instance:TestRunner.TestRunner2@77f80c04]" started-at="2021-10-07T17:12:56 IST" name="tearDownClass" finished-at="2021-10-07T17:12:56 IST" duration-ms="16" status="PASS">
          <reporter-output>
          </reporter-output>
        </test-method> <!-- tearDownClass -->
      </class> <!-- TestRunner.TestRunner2 -->
    </test> <!-- Command line test -->
  </suite> <!-- Command line suite -->
</testng-results>
