<?xml version="1.0" encoding="UTF-8"?>
<testng-results ignored="0" total="1" passed="1" failed="0" skipped="0">
  <reporter-output>
  </reporter-output>
  <suite started-at="2021-10-08T13:00:50 IST" name="Default suite" finished-at="2021-10-08T13:01:10 IST" duration-ms="20151">
    <groups>
      <group name="cucumber">
        <method signature="AbstractTestNGCucumberTests.runScenario(io.cucumber.testng.PickleWrapper,io.cucumber.testng.FeatureWrapper)[pri:0, instance:TestRunner.TestRunnerWithTestNG@53fb3dab]" name="runScenario" class="io.cucumber.testng.AbstractTestNGCucumberTests"/>
      </group> <!-- cucumber -->
    </groups>
    <test started-at="2021-10-08T13:00:50 IST" name="Default test" finished-at="2021-10-08T13:01:10 IST" duration-ms="20151">
      <class name="TestRunner.TestRunnerWithTestNG">
        <test-method is-config="true" signature="setUpClass()[pri:0, instance:TestRunner.TestRunnerWithTestNG@53fb3dab]" started-at="2021-10-08T13:00:50 IST" name="setUpClass" finished-at="2021-10-08T13:00:50 IST" duration-ms="207" status="PASS">
          <reporter-output>
          </reporter-output>
        </test-method> <!-- setUpClass -->
        <test-method signature="runScenario(io.cucumber.testng.PickleWrapper,io.cucumber.testng.FeatureWrapper)[pri:0, instance:TestRunner.TestRunnerWithTestNG@53fb3dab]" started-at="2021-10-08T13:00:50 IST" name="runScenario" description="Runs Cucumber Scenarios" data-provider="scenarios" finished-at="2021-10-08T13:01:10 IST" duration-ms="19909" status="PASS">
          <params>
            <param index="0">
              <value>
                <![CDATA["Validate New user is able to login_Forth"]]>
              </value>
            </param>
            <param index="1">
              <value>
                <![CDATA["Optional[UserRegistraion]"]]>
              </value>
            </param>
          </params>
          <reporter-output>
          </reporter-output>
        </test-method> <!-- runScenario -->
        <test-method is-config="true" signature="tearDownClass()[pri:0, instance:TestRunner.TestRunnerWithTestNG@53fb3dab]" started-at="2021-10-08T13:01:10 IST" name="tearDownClass" finished-at="2021-10-08T13:01:10 IST" duration-ms="7" status="PASS">
          <reporter-output>
          </reporter-output>
        </test-method> <!-- tearDownClass -->
      </class> <!-- TestRunner.TestRunnerWithTestNG -->
    </test> <!-- Default test -->
  </suite> <!-- Default suite -->
</testng-results>
